<?xml version="1.0" encoding="UTF-8"?>
<!-- Generated by org.testng.reporters.JUnitReportReporter -->
<testsuite skipped="0" hostname="SridharMachine" name="org.test.TestClass" tests="2" failures="0" timestamp="23 Dec 2020 01:02:38 GMT" time="75.914" errors="0">
  <testcase name="Login" time="51.425" classname="org.test.TestClass"/>
  <testcase name="details" time="24.489" classname="org.test.TestClass"/>
</testsuite> <!-- org.test.TestClass -->
